<?xml version="1.0" encoding="UTF-8"?>
<testng-results ignored="0" total="1" passed="1" failed="0" skipped="0">
  <reporter-output>
  </reporter-output>
  <suite started-at="2025-03-01T11:40:40 IST" name="Suite" finished-at="2025-03-01T11:40:48 IST" duration-ms="8149">
    <groups>
    </groups>
    <test started-at="2025-03-01T11:40:40 IST" name="Test" finished-at="2025-03-01T11:40:48 IST" duration-ms="8149">
      <class name="com.sample.Example">
        <test-method signature="launchUrl()[pri:0, instance:com.sample.Example@30ee2816]" started-at="2025-03-01T11:40:40 IST" name="launchUrl" finished-at="2025-03-01T11:40:48 IST" duration-ms="8098" status="PASS">
          <reporter-output>
          </reporter-output>
        </test-method> <!-- launchUrl -->
      </class> <!-- com.sample.Example -->
    </test> <!-- Test -->
  </suite> <!-- Suite -->
</testng-results>
