<?xml version="1.0" encoding="UTF-8"?>
<testng-results ignored="0" total="1" passed="1" failed="0" skipped="0">
  <reporter-output>
  </reporter-output>
  <suite started-at="2025-03-01T19:12:16 IST" name="Default suite" finished-at="2025-03-01T19:12:25 IST" duration-ms="8749">
    <groups>
    </groups>
    <test started-at="2025-03-01T19:12:16 IST" name="Default test" finished-at="2025-03-01T19:12:25 IST" duration-ms="8749">
      <class name="com.sample.Example">
        <test-method signature="launchUrl()[pri:0, instance:com.sample.Example@2f9f7dcf]" started-at="2025-03-01T19:12:16 IST" name="launchUrl" finished-at="2025-03-01T19:12:25 IST" duration-ms="8643" status="PASS">
          <reporter-output>
          </reporter-output>
        </test-method> <!-- launchUrl -->
      </class> <!-- com.sample.Example -->
    </test> <!-- Default test -->
  </suite> <!-- Default suite -->
</testng-results>
